[==========] Running 314 tests from 29 test cases.
[----------] Global test environment set-up.
[----------] 1 test from Utilities
[ RUN      ] Utilities.String
[       OK ] Utilities.String (0 ms)
[----------] 1 test from Utilities (0 ms total)

[----------] 7 tests from RandomNumberGenerator
[ RUN      ] RandomNumberGenerator.Reset
[       OK ] RandomNumberGenerator.Reset (0 ms)
[ RUN      ] RandomNumberGenerator.uniform_properties
[       OK ] RandomNumberGenerator.uniform_properties (2 ms)
[ RUN      ] RandomNumberGenerator.normal_properties
[       OK ] RandomNumberGenerator.normal_properties (2 ms)
[ RUN      ] RandomNumberGenerator.lognormal_properties
[       OK ] RandomNumberGenerator.lognormal_properties (12 ms)
[ RUN      ] RandomNumberGenerator.binomial_properties
[       OK ] RandomNumberGenerator.binomial_properties (325 ms)
[ RUN      ] RandomNumberGenerator.gamma_properties
[       OK ] RandomNumberGenerator.gamma_properties (17 ms)
[ RUN      ] RandomNumberGenerator.chi_squared_properties
[       OK ] RandomNumberGenerator.chi_squared_properties (5 ms)
[----------] 7 tests from RandomNumberGenerator (363 ms total)

[----------] 5 tests from Math
[ RUN      ] Math.Test_UnScale_Penalties
[       OK ] Math.Test_UnScale_Penalties (0 ms)
[ RUN      ] Math.Test_UnscalingValue_Math
[       OK ] Math.Test_UnscalingValue_Math (0 ms)
[ RUN      ] Math.Test_logit_invlogit
[       OK ] Math.Test_logit_invlogit (0 ms)
[ RUN      ] Math.pnorm
[       OK ] Math.pnorm (0 ms)
[ RUN      ] Math.LnGamma
[       OK ] Math.LnGamma (0 ms)
[----------] 5 tests from Math (0 ms total)

[----------] 3 tests from GradientThreadedModel
[ RUN      ] GradientThreadedModel.Calc_With_1_ModelThread
[       OK ] GradientThreadedModel.Calc_With_1_ModelThread (49 ms)
[ RUN      ] GradientThreadedModel.Calc_With_6_ModelThreads
[       OK ] GradientThreadedModel.Calc_With_6_ModelThreads (49 ms)
[ RUN      ] GradientThreadedModel.Calc_With_Scaled_Values
[       OK ] GradientThreadedModel.Calc_With_Scaled_Values (51 ms)
[----------] 3 tests from GradientThreadedModel (149 ms total)

[----------] 3 tests from TimeVarying
[ RUN      ] TimeVarying.Constant_Check_Mock_Selectivity
[       OK ] TimeVarying.Constant_Check_Mock_Selectivity (0 ms)
[ RUN      ] TimeVarying.Constant_Validate
[       OK ] TimeVarying.Constant_Validate (0 ms)
[ RUN      ] TimeVarying.Constant_Validate_Fails
Unit Test has encountered a problem that will cause test failure, unless it's expected
record.severity(): 9
failure because of: [ERROR] At line 114 in C:/Users/arnau/Documents/CASAL2_NIWAFisheries/CASAL2/CASAL2/source/TimeVarying/Common/Constant.Test.cpp the parameter 'values' length (3) must match the number of years provided (2)
[       OK ] TimeVarying.Constant_Validate_Fails (0 ms)
[----------] 3 tests from TimeVarying (0 ms total)

[----------] 123 tests from InternalEmptyModel
[ RUN      ] InternalEmptyModel.Model_TwoSex_BasicRun
[       OK ] InternalEmptyModel.Model_TwoSex_BasicRun (29 ms)
[ RUN      ] InternalEmptyModel.Model_TwoSex_Estimation
[       OK ] InternalEmptyModel.Model_TwoSex_Estimation (545 ms)
[ RUN      ] InternalEmptyModel.Model_TwoSex_Foward_Projection
[       OK ] InternalEmptyModel.Model_TwoSex_Foward_Projection (33 ms)
[ RUN      ] InternalEmptyModel.Model_RossSea_BasicRun
[       OK ] InternalEmptyModel.Model_RossSea_BasicRun (140 ms)
[ RUN      ] InternalEmptyModel.Model_CasalComplex3_BasicRun
[       OK ] InternalEmptyModel.Model_CasalComplex3_BasicRun (26 ms)
[ RUN      ] InternalEmptyModel.Model_CasalComplex3_Estimation
[       OK ] InternalEmptyModel.Model_CasalComplex3_Estimation (1763 ms)
[ RUN      ] InternalEmptyModel.Model_CasalComplex2_BasicRun
[       OK ] InternalEmptyModel.Model_CasalComplex2_BasicRun (26 ms)
[ RUN      ] InternalEmptyModel.Model_CasalComplex2_Estimation
[       OK ] InternalEmptyModel.Model_CasalComplex2_Estimation (1970 ms)
[ RUN      ] InternalEmptyModel.Model_CasalComplex1_BasicRun
[       OK ] InternalEmptyModel.Model_CasalComplex1_BasicRun (26 ms)
[ RUN      ] InternalEmptyModel.Model_CasalComplex1_Estimation
[       OK ] InternalEmptyModel.Model_CasalComplex1_Estimation (945 ms)
[ RUN      ] InternalEmptyModel.Model_CasalComplex1_Simulation
[       OK ] InternalEmptyModel.Model_CasalComplex1_Simulation (29 ms)
[ RUN      ] InternalEmptyModel.Project_Run_lognormal
[       OK ] InternalEmptyModel.Project_Run_lognormal (14 ms)
[ RUN      ] InternalEmptyModel.Projects_LogNormal_Empirical_YCS
[       OK ] InternalEmptyModel.Projects_LogNormal_Empirical_YCS (15 ms)
[ RUN      ] InternalEmptyModel.Projects_LogNormal_YCS
[       OK ] InternalEmptyModel.Projects_LogNormal_YCS (17 ms)
[ RUN      ] InternalEmptyModel.Projects_Empirical_Sampling_YCS
[       OK ] InternalEmptyModel.Projects_Empirical_Sampling_YCS (15 ms)
[ RUN      ] InternalEmptyModel.Projects_Constant_YCS
[       OK ] InternalEmptyModel.Projects_Constant_YCS (15 ms)
[ RUN      ] InternalEmptyModel.Projects_Throw_Exception
Unit Test has encountered a problem that will cause test failure, unless it's expected
record.severity(): 9
failure because of: [ERROR] At line 68 in TestResources/Models/CasalComplex1.h for @process.recruitment  does not have a @project command for recruitment_multipliers
[       OK ] InternalEmptyModel.Projects_Throw_Exception (11 ms)
[ RUN      ] InternalEmptyModel.Projects_Constant_Catches
[       OK ] InternalEmptyModel.Projects_Constant_Catches (15 ms)
[ RUN      ] InternalEmptyModel.Processes_Transition_Category_By_Age
[       OK ] InternalEmptyModel.Processes_Transition_Category_By_Age (11 ms)
[ RUN      ] InternalEmptyModel.Processes_Tag_By_Length_simple
[       OK ] InternalEmptyModel.Processes_Tag_By_Length_simple (7 ms)
[ RUN      ] InternalEmptyModel.Processes_Tag_By_Length_validate_length_inputs
Unit Test has encountered a problem that will cause test failure, unless it's expected
record.severity(): 10
failure because of: [FATAL_ERROR] At line 48 in C:/Users/arnau/Documents/CASAL2_NIWAFisheries/CASAL2/CASAL2/source/Processes/Age/TagByLength.Test.cpp the table proportions For row in year = 0. The length bins for this process are defined in the @model block. A column is required for each length bin which is '71'. This table supplied '70'.
[       OK ] InternalEmptyModel.Processes_Tag_By_Length_validate_length_inputs (6 ms)
[ RUN      ] InternalEmptyModel.Processes_Tag_By_Age
[       OK ] InternalEmptyModel.Processes_Tag_By_Age (5 ms)
[ RUN      ] InternalEmptyModel.Processes_Tag_By_Age_With_Loss_Rate
[       OK ] InternalEmptyModel.Processes_Tag_By_Age_With_Loss_Rate (5 ms)
[ RUN      ] InternalEmptyModel.Processes_Tag_By_Age_With_Loss_Rate_Selectivities
[       OK ] InternalEmptyModel.Processes_Tag_By_Age_With_Loss_Rate_Selectivities (5 ms)
[ RUN      ] InternalEmptyModel.Processes_Tag_By_Age_With_Selectivities
[       OK ] InternalEmptyModel.Processes_Tag_By_Age_With_Selectivities (6 ms)
[ RUN      ] InternalEmptyModel.Processes_Tag_By_Age_With_Proportions_Table
[       OK ] InternalEmptyModel.Processes_Tag_By_Age_With_Proportions_Table (5 ms)
[ RUN      ] InternalEmptyModel.Processes_BevertonHolt_Recruitment_AutoSSBOffset
[       OK ] InternalEmptyModel.Processes_BevertonHolt_Recruitment_AutoSSBOffset (6 ms)
[ RUN      ] InternalEmptyModel.Processes_BevertonHolt_Recruitment_B0_initialised
[       OK ] InternalEmptyModel.Processes_BevertonHolt_Recruitment_B0_initialised (17 ms)
[ RUN      ] InternalEmptyModel.Processes_Mortality_Instantaneous_Retained_Simple
[       OK ] InternalEmptyModel.Processes_Mortality_Instantaneous_Retained_Simple (9 ms)
[ RUN      ] InternalEmptyModel.Processes_Mortality_Instantaneous_Simple
[       OK ] InternalEmptyModel.Processes_Mortality_Instantaneous_Simple (17 ms)
[ RUN      ] InternalEmptyModel.Processes_Initialisation_Mortality_Baranov_one_year
[       OK ] InternalEmptyModel.Processes_Initialisation_Mortality_Baranov_one_year (4 ms)
[ RUN      ] InternalEmptyModel.Processes_Initialisation_Mortality_Baranov_ten_year
[       OK ] InternalEmptyModel.Processes_Initialisation_Mortality_Baranov_ten_year (4 ms)
[ RUN      ] InternalEmptyModel.Processes_Mortality_Hybrid_SingleFishery_Sexed
[       OK ] InternalEmptyModel.Processes_Mortality_Hybrid_SingleFishery_Sexed (18 ms)
[ RUN      ] InternalEmptyModel.Processes_Mortality_Hybrid_TwoFishery_Sexed
[       OK ] InternalEmptyModel.Processes_Mortality_Hybrid_TwoFishery_Sexed (18 ms)
[ RUN      ] InternalEmptyModel.Processes_MarkovianMovement_one_year
[       OK ] InternalEmptyModel.Processes_MarkovianMovement_one_year (4 ms)
[ RUN      ] InternalEmptyModel.Processes_MarkovianMovement_error_sum_to_one
Unit Test has encountered a problem that will cause test failure, unless it's expected
record.severity(): 9
failure because of: [ERROR] At line 36 in C:/Users/arnau/Documents/CASAL2_NIWAFisheries/CASAL2/CASAL2/source/Processes/Age/MarkovianMovement.Test.cpp the parameter 'proportions' The from category labeled R1 has proportions across all to categories which sum = 1.1. This needs to sum to one or at least close to one by 0.0001
[       OK ] InternalEmptyModel.Processes_MarkovianMovement_error_sum_to_one (5 ms)
[ RUN      ] InternalEmptyModel.Observation_TagRecapture_By_fishery
[       OK ] InternalEmptyModel.Observation_TagRecapture_By_fishery (9 ms)
[ RUN      ] InternalEmptyModel.Observation_Proportions_Mature_By_Age
[       OK ] InternalEmptyModel.Observation_Proportions_Mature_By_Age (18 ms)
[ RUN      ] InternalEmptyModel.Observation_Proportions_At_Length_Single
[       OK ] InternalEmptyModel.Observation_Proportions_At_Length_Single (14 ms)
[ RUN      ] InternalEmptyModel.Observation_Proportions_At_Length_bespoke_length_bins_w_plus_group
[       OK ] InternalEmptyModel.Observation_Proportions_At_Length_bespoke_length_bins_w_plus_group (21 ms)
[ RUN      ] InternalEmptyModel.Observation_Proportions_At_Length_bespoke_length_bins_no_plus_group
[       OK ] InternalEmptyModel.Observation_Proportions_At_Length_bespoke_length_bins_no_plus_group (21 ms)
[ RUN      ] InternalEmptyModel.Observation_Proportions_At_Length_bespoke_length_bins_expect_error
Unit Test has encountered a problem that will cause test failure, unless it's expected
record.severity(): 9
failure because of: [ERROR] At line 40 in C:/Users/arnau/Documents/CASAL2_NIWAFisheries/CASAL2/CASAL2/source/Observations/Age/ProportionsAtLength/TimeStep.Test.cpp the parameter 'length_bins' Length bins need to be a subset of the model length bins. See manual for more information
[       OK ] InternalEmptyModel.Observation_Proportions_At_Length_bespoke_length_bins_expect_error (20 ms)
[ RUN      ] InternalEmptyModel.Observation_Proportions_At_Length_bespoke_length_bins_expect_error_wrong_table_input
Unit Test has encountered a problem that will cause test failure, unless it's expected
record.severity(): 9
failure because of: [ERROR] At line 40 in C:/Users/arnau/Documents/CASAL2_NIWAFisheries/CASAL2/CASAL2/source/Observations/Age/ProportionsAtLength/TimeStep.Test.cpp the parameter 'length_bins' Length bins need to be a subset of the model length bins. See manual for more information
[       OK ] InternalEmptyModel.Observation_Proportions_At_Length_bespoke_length_bins_expect_error_wrong_table_input (21 ms)
[ RUN      ] InternalEmptyModel.Observation_Proportions_At_Age_Single
[       OK ] InternalEmptyModel.Observation_Proportions_At_Age_Single (11 ms)
[ RUN      ] InternalEmptyModel.Observation_Proportions_At_Age_Double
[       OK ] InternalEmptyModel.Observation_Proportions_At_Age_Double (12 ms)
[ RUN      ] InternalEmptyModel.Observation_Process_Proportions_At_Age_Single
[       OK ] InternalEmptyModel.Observation_Process_Proportions_At_Age_Single (12 ms)
[ RUN      ] InternalEmptyModel.Observation_Process_Proportions_At_Age_Double
[       OK ] InternalEmptyModel.Observation_Process_Proportions_At_Age_Double (12 ms)
[ RUN      ] InternalEmptyModel.Observation_Process_Removals_By_Weight
[       OK ] InternalEmptyModel.Observation_Process_Removals_By_Weight (87 ms)
[ RUN      ] InternalEmptyModel.Observation_Process_Removals_By_Length_Retained_Total
[       OK ] InternalEmptyModel.Observation_Process_Removals_By_Length_Retained_Total (12 ms)
[ RUN      ] InternalEmptyModel.Observation_Process_Removals_By_Length_Retained
[       OK ] InternalEmptyModel.Observation_Process_Removals_By_Length_Retained (12 ms)
[ RUN      ] InternalEmptyModel.Observation_removals_by_length_for_fishery_Single
[       OK ] InternalEmptyModel.Observation_removals_by_length_for_fishery_Single (15 ms)
[ RUN      ] InternalEmptyModel.Observation_Process_Removals_By_Age_Retained_Total
[       OK ] InternalEmptyModel.Observation_Process_Removals_By_Age_Retained_Total (11 ms)
[ RUN      ] InternalEmptyModel.Observation_Process_Removals_By_Age_Retained
[       OK ] InternalEmptyModel.Observation_Process_Removals_By_Age_Retained (11 ms)
[ RUN      ] InternalEmptyModel.Observation_Process_Removals_By_Age_for_fishery_Single
[       OK ] InternalEmptyModel.Observation_Process_Removals_By_Age_for_fishery_Single (20 ms)
[ RUN      ] InternalEmptyModel.Observation_Biomass
[       OK ] InternalEmptyModel.Observation_Biomass (12 ms)
[ RUN      ] InternalEmptyModel.Observation_Process_Biomass
[       OK ] InternalEmptyModel.Observation_Process_Biomass (11 ms)
[ RUN      ] InternalEmptyModel.UniSex_random_no_ageing_error
[       OK ] InternalEmptyModel.UniSex_random_no_ageing_error (49 ms)
[ RUN      ] InternalEmptyModel.UniSex_random_by_age_no_ageing_error
[       OK ] InternalEmptyModel.UniSex_random_by_age_no_ageing_error (87 ms)
[ RUN      ] InternalEmptyModel.UniSex_random_by_length_no_ageing_error
[       OK ] InternalEmptyModel.UniSex_random_by_length_no_ageing_error (51 ms)
[ RUN      ] InternalEmptyModel.UniSex_random_with_ageing_error
[       OK ] InternalEmptyModel.UniSex_random_with_ageing_error (49 ms)
[ RUN      ] InternalEmptyModel.UniSex_random_by_age_with_ageing_error
[       OK ] InternalEmptyModel.UniSex_random_by_age_with_ageing_error (46 ms)
[ RUN      ] InternalEmptyModel.UniSex_random_by_length_with_ageing_error
[       OK ] InternalEmptyModel.UniSex_random_by_length_with_ageing_error (54 ms)
[ RUN      ] InternalEmptyModel.UniSex_random_with_length_based_selectivity
[       OK ] InternalEmptyModel.UniSex_random_with_length_based_selectivity (46 ms)
[ RUN      ] InternalEmptyModel.UniSex_random_by_age_with_length_based_selectivity
[       OK ] InternalEmptyModel.UniSex_random_by_age_with_length_based_selectivity (46 ms)
[ RUN      ] InternalEmptyModel.UniSex_random_by_length_length_based_selectivity
[       OK ] InternalEmptyModel.UniSex_random_by_length_length_based_selectivity (66 ms)
[ RUN      ] InternalEmptyModel.Sexed_random_no_ageing_error
[       OK ] InternalEmptyModel.Sexed_random_no_ageing_error (30 ms)
[ RUN      ] InternalEmptyModel.Sexed_random_by_age_no_ageing_error
[       OK ] InternalEmptyModel.Sexed_random_by_age_no_ageing_error (26 ms)
[ RUN      ] InternalEmptyModel.Sexed_random_by_length_no_ageing_error
[       OK ] InternalEmptyModel.Sexed_random_by_length_no_ageing_error (26 ms)
[ RUN      ] InternalEmptyModel.Observation_Abundance
[       OK ] InternalEmptyModel.Observation_Abundance (5 ms)
[ RUN      ] InternalEmptyModel.Observation_Process_Abundance
[       OK ] InternalEmptyModel.Observation_Process_Abundance (11 ms)
[ RUN      ] InternalEmptyModel.length_model_with_min_age
Unit Test has encountered a problem that will cause test failure, unless it's expected
record.severity(): 9
failure because of: [ERROR] At line 52 in C:/Users/arnau/Documents/CASAL2_NIWAFisheries/CASAL2/CASAL2/source/Model/Models/Length.Test.cpp the following required parameters for the command  @categories are required but have not been defined: age_lengths 
[       OK ] InternalEmptyModel.length_model_with_min_age (4 ms)
[ RUN      ] InternalEmptyModel.length_model_with_max_age
Unit Test has encountered a problem that will cause test failure, unless it's expected
record.severity(): 9
failure because of: [ERROR] At line 62 in C:/Users/arnau/Documents/CASAL2_NIWAFisheries/CASAL2/CASAL2/source/Model/Models/Length.Test.cpp the parameter 'min_age'  (1) has been defined as greater than max_age (0)
[       OK ] InternalEmptyModel.length_model_with_max_age (4 ms)
[ RUN      ] InternalEmptyModel.MPDLoader_TwoSex_MPD
[       OK ] InternalEmptyModel.MPDLoader_TwoSex_MPD (22 ms)
[ RUN      ] InternalEmptyModel.DirichletMultinomial_expect_fail_theta_needs_transformation
Unit Test has encountered a problem that will cause test failure, unless it's expected
record.severity(): 9
failure because of: [ERROR] At line 44 in C:/Users/arnau/Documents/CASAL2_NIWAFisheries/CASAL2/CASAL2/source/Likelihoods/Common/DirichletMultinomialFullModels.Test.cpp the parameter 'years' Years cannot be less than start_year (1994), or greater than final_year (2008).
[       OK ] InternalEmptyModel.DirichletMultinomial_expect_fail_theta_needs_transformation (22 ms)
[ RUN      ] InternalEmptyModel.Initialisation_StateCategoryByAge
[       OK ] InternalEmptyModel.Initialisation_StateCategoryByAge (6 ms)
[ RUN      ] InternalEmptyModel.Estimates_Single_Target
[       OK ] InternalEmptyModel.Estimates_Single_Target (101 ms)
[ RUN      ] InternalEmptyModel.Estimates_Single_Target_WithSame
[       OK ] InternalEmptyModel.Estimates_Single_Target_WithSame (100 ms)
[ RUN      ] InternalEmptyModel.Estimates_Multiple_Defined_Targets_Vector
[       OK ] InternalEmptyModel.Estimates_Multiple_Defined_Targets_Vector (1751 ms)
[ RUN      ] InternalEmptyModel.Estimates_Multiple_Defined_Targets_Vector_WithSames
[       OK ] InternalEmptyModel.Estimates_Multiple_Defined_Targets_Vector_WithSames (612 ms)
[ RUN      ] InternalEmptyModel.Estimates_Multiple_Defined_Targets_Unsigned_Map
[       OK ] InternalEmptyModel.Estimates_Multiple_Defined_Targets_Unsigned_Map (59 ms)
[ RUN      ] InternalEmptyModel.Estimates_Multiple_Defined_Targets_Unsigned_Map_WithSames
[       OK ] InternalEmptyModel.Estimates_Multiple_Defined_Targets_Unsigned_Map_WithSames (58 ms)
[ RUN      ] InternalEmptyModel.Estimates_Multiple_Defined_Targets_String_Map
[       OK ] InternalEmptyModel.Estimates_Multiple_Defined_Targets_String_Map (54 ms)
[ RUN      ] InternalEmptyModel.Estimates_All_Targets_Vector
[       OK ] InternalEmptyModel.Estimates_All_Targets_Vector (276 ms)
[ RUN      ] InternalEmptyModel.Estimates_All_Targets_Unsigned_Map
[       OK ] InternalEmptyModel.Estimates_All_Targets_Unsigned_Map (96 ms)
[ RUN      ] InternalEmptyModel.Estimates_All_Targets_String_Map
[       OK ] InternalEmptyModel.Estimates_All_Targets_String_Map (52 ms)
[ RUN      ] InternalEmptyModel.Estimates_Uniform_Log
[       OK ] InternalEmptyModel.Estimates_Uniform_Log (96 ms)
[ RUN      ] InternalEmptyModel.Estimates_Uniform
[       OK ] InternalEmptyModel.Estimates_Uniform (100 ms)
[ RUN      ] InternalEmptyModel.Estimates_Normal_Log
[       OK ] InternalEmptyModel.Estimates_Normal_Log (96 ms)
[ RUN      ] InternalEmptyModel.Estimates_Normal_By_Stdev
[       OK ] InternalEmptyModel.Estimates_Normal_By_Stdev (97 ms)
[ RUN      ] InternalEmptyModel.Estimates_Normal
[       OK ] InternalEmptyModel.Estimates_Normal (97 ms)
[ RUN      ] InternalEmptyModel.Estimates_Lognormal
[       OK ] InternalEmptyModel.Estimates_Lognormal (97 ms)
[ RUN      ] InternalEmptyModel.Estimates_Beta
[       OK ] InternalEmptyModel.Estimates_Beta (101 ms)
[ RUN      ] InternalEmptyModel.DerivedQuantities_Biomass
[       OK ] InternalEmptyModel.DerivedQuantities_Biomass (0 ms)
[ RUN      ] InternalEmptyModel.DerivedQuantities_Abundance
[       OK ] InternalEmptyModel.DerivedQuantities_Abundance (0 ms)
[ RUN      ] InternalEmptyModel.DerivedQuantities_Biomass
[       OK ] InternalEmptyModel.DerivedQuantities_Biomass (0 ms)
[ RUN      ] InternalEmptyModel.DerivedQuantities_Abundance
[       OK ] InternalEmptyModel.DerivedQuantities_Abundance (4 ms)
[ RUN      ] InternalEmptyModel.Categories_GetCategoryLabels
[       OK ] InternalEmptyModel.Categories_GetCategoryLabels (1 ms)
[ RUN      ] InternalEmptyModel.Catchabilities_nuisance_normal_prior_none
[       OK ] InternalEmptyModel.Catchabilities_nuisance_normal_prior_none (40 ms)
[ RUN      ] InternalEmptyModel.Catchabilities_nuisance_normal_prior_none_estimation
[       OK ] InternalEmptyModel.Catchabilities_nuisance_normal_prior_none_estimation (50 ms)
[ RUN      ] InternalEmptyModel.Catchabilities_nuisance_normal_prior_uniform_log
[       OK ] InternalEmptyModel.Catchabilities_nuisance_normal_prior_uniform_log (42 ms)
[ RUN      ] InternalEmptyModel.Catchabilities_nuisance_lognormal_prior_uniform_log
[       OK ] InternalEmptyModel.Catchabilities_nuisance_lognormal_prior_uniform_log (39 ms)
[ RUN      ] InternalEmptyModel.Catchabilities_nuisance_lognormal_prior_none
[       OK ] InternalEmptyModel.Catchabilities_nuisance_lognormal_prior_none (42 ms)
[ RUN      ] InternalEmptyModel.Catchabilities_nuisance_lognormal_prior_lognormal
[       OK ] InternalEmptyModel.Catchabilities_nuisance_lognormal_prior_lognormal (40 ms)
[ RUN      ] InternalEmptyModel.Asserts_Partition
[       OK ] InternalEmptyModel.Asserts_Partition (19 ms)
[ RUN      ] InternalEmptyModel.Asserts_Partition_Throws_Exception
Unit Test has encountered a problem that will cause test failure, unless it's expected
record.severity(): 9
failure because of: [ERROR] Assert Failure: The Assert with label 'immature.male' and Partition.Category immature.male has value 384500 and 384500 was expected for element 3. The difference was 9.98518e-05
[       OK ] InternalEmptyModel.Asserts_Partition_Throws_Exception (19 ms)
[ RUN      ] InternalEmptyModel.Asserts_ObjectiveFunction
[       OK ] InternalEmptyModel.Asserts_ObjectiveFunction (16 ms)
[ RUN      ] InternalEmptyModel.Asserts_ObjectiveFunction_Throws_Exception
Unit Test has encountered a problem that will cause test failure, unless it's expected
record.severity(): 9
failure because of: [ERROR] Assert Failure: The Assert with label 'objective_func' for the Objective Function had value 13.8129 and 1 was expected. The difference was 12.8129
[       OK ] InternalEmptyModel.Asserts_ObjectiveFunction_Throws_Exception (17 ms)
[ RUN      ] InternalEmptyModel.Asserts_Addressable
[       OK ] InternalEmptyModel.Asserts_Addressable (16 ms)
[ RUN      ] InternalEmptyModel.Asserts_Addressable_Throws_Exception
Unit Test has encountered a problem that will cause test failure, unless it's expected
record.severity(): 9
failure because of: [ERROR] Assert Failure: The Addressable with label 'r0' and parameter process[Recruitment].R0 has value 997386 and 1 was expected. The difference was 997385
[       OK ] InternalEmptyModel.Asserts_Addressable_Throws_Exception (17 ms)
[ RUN      ] InternalEmptyModel.AgeWeight_Data
[       OK ] InternalEmptyModel.AgeWeight_Data (39 ms)
[ RUN      ] InternalEmptyModel.AgeLengthBase
[       OK ] InternalEmptyModel.AgeLengthBase (10 ms)
[ RUN      ] InternalEmptyModel.AgeLengthBase_time_vary_length_weight_a
[       OK ] InternalEmptyModel.AgeLengthBase_time_vary_length_weight_a (9 ms)
[ RUN      ] InternalEmptyModel.AgeLengthBase_time_vary_schnute_b
[       OK ] InternalEmptyModel.AgeLengthBase_time_vary_schnute_b (11 ms)
[ RUN      ] InternalEmptyModel.AgeLengths_Data_Mean_Mean
[       OK ] InternalEmptyModel.AgeLengths_Data_Mean_Mean (156 ms)
[ RUN      ] InternalEmptyModel.AddressableTransformations_simplex_fail_estimate_bounds_prior_false
Unit Test has encountered a problem that will cause test failure, unless it's expected
record.severity(): 10
failure because of: [FATAL_ERROR] At line 61 in C:/Users/arnau/Documents/CASAL2_NIWAFisheries/CASAL2/CASAL2/source/AddressableTransformations/Common/Simplex.Test.cpp the parameter 'lower_bound' values specified (2) must match number of target addressables (1)
[       OK ] InternalEmptyModel.AddressableTransformations_simplex_fail_estimate_bounds_prior_false (20 ms)
[ RUN      ] InternalEmptyModel.AddressableTransformations_simplex_fail_estimate_bounds_prior_true
Unit Test has encountered a problem that will cause test failure, unless it's expected
record.severity(): 10
failure because of: [FATAL_ERROR] At line 61 in C:/Users/arnau/Documents/CASAL2_NIWAFisheries/CASAL2/CASAL2/source/AddressableTransformations/Common/Simplex.Test.cpp the parameter 'lower_bound' values specified (1) must match number of target addressables (2)
[       OK ] InternalEmptyModel.AddressableTransformations_simplex_fail_estimate_bounds_prior_true (18 ms)
[ RUN      ] InternalEmptyModel.AddressableTransformations_simplex_with_jacobian
[       OK ] InternalEmptyModel.AddressableTransformations_simplex_with_jacobian (25 ms)
[ RUN      ] InternalEmptyModel.AddressableTransformations_simplex_with_no_jacobian
[       OK ] InternalEmptyModel.AddressableTransformations_simplex_with_no_jacobian (25 ms)
[ RUN      ] InternalEmptyModel.AddressableTransformations_simplex_validate_simplex_calculation
[       OK ] InternalEmptyModel.AddressableTransformations_simplex_validate_simplex_calculation (9 ms)
[ RUN      ] InternalEmptyModel.EstimableTransformations_Log_jacobian
[       OK ] InternalEmptyModel.EstimableTransformations_Log_jacobian (27 ms)
[ RUN      ] InternalEmptyModel.EstimableTransformations_Log
[       OK ] InternalEmptyModel.EstimableTransformations_Log (27 ms)
[ RUN      ] InternalEmptyModel.EstimableTransformations_Inverse_jacobian
[       OK ] InternalEmptyModel.EstimableTransformations_Inverse_jacobian (27 ms)
[ RUN      ] InternalEmptyModel.EstimableTransformations_Inverse
[       OK ] InternalEmptyModel.EstimableTransformations_Inverse (26 ms)
[----------] 123 tests from InternalEmptyModel (11441 ms total)

[----------] 1 test from CasalComplex1ThreadedModel
[ RUN      ] CasalComplex1ThreadedModel.Model_CasalComplex1_Estimation
[       OK ] CasalComplex1ThreadedModel.Model_CasalComplex1_Estimation (953 ms)
[----------] 1 test from CasalComplex1ThreadedModel (953 ms total)

[----------] 21 tests from Selectivities
[ RUN      ] Selectivities.LogisticProducing_Age
Unit Test has encountered a problem that will cause test failure, unless it's expected
record.severity(): 11
failure because of: [CODE_ERROR] A critical error has occurred in the Casal2 source code. Please contact the Casal2 Development Team and report this event

if (age - age_index_ >= values_.size()) : age: 9; label: unit_test_logistic_producing; type: not needed in test
Unit Test has encountered a problem that will cause test failure, unless it's expected
record.severity(): 11
failure because of: [CODE_ERROR] A critical error has occurred in the Casal2 source code. Please contact the Casal2 Development Team and report this event

if (age - age_index_ >= values_.size()) : age: 21; label: unit_test_logistic_producing; type: not needed in test
[       OK ] Selectivities.LogisticProducing_Age (1 ms)
[ RUN      ] Selectivities.LogisticProducing_Length
[       OK ] Selectivities.LogisticProducing_Length (0 ms)
[ RUN      ] Selectivities.Logistic_Age
Unit Test has encountered a problem that will cause test failure, unless it's expected
record.severity(): 11
failure because of: [CODE_ERROR] A critical error has occurred in the Casal2 source code. Please contact the Casal2 Development Team and report this event

if (age - age_index_ >= values_.size()) : age: 9; label: unit_test_logistic; type: not needed in test
Unit Test has encountered a problem that will cause test failure, unless it's expected
record.severity(): 11
failure because of: [CODE_ERROR] A critical error has occurred in the Casal2 source code. Please contact the Casal2 Development Team and report this event

if (age - age_index_ >= values_.size()) : age: 21; label: unit_test_logistic; type: not needed in test
[       OK ] Selectivities.Logistic_Age (0 ms)
[ RUN      ] Selectivities.Logistic_Length
[       OK ] Selectivities.Logistic_Length (0 ms)
[ RUN      ] Selectivities.KnifeEdge_Age
Unit Test has encountered a problem that will cause test failure, unless it's expected
record.severity(): 11
failure because of: [CODE_ERROR] A critical error has occurred in the Casal2 source code. Please contact the Casal2 Development Team and report this event

if (age - age_index_ >= values_.size()) : age: 9; label: unit_test_knife_edge; type: not needed in test
Unit Test has encountered a problem that will cause test failure, unless it's expected
record.severity(): 11
failure because of: [CODE_ERROR] A critical error has occurred in the Casal2 source code. Please contact the Casal2 Development Team and report this event

if (age - age_index_ >= values_.size()) : age: 21; label: unit_test_knife_edge; type: not needed in test
[       OK ] Selectivities.KnifeEdge_Age (0 ms)
[ RUN      ] Selectivities.KnifeEdge_Length
[       OK ] Selectivities.KnifeEdge_Length (0 ms)
[ RUN      ] Selectivities.InverseLogistic_Age
Unit Test has encountered a problem that will cause test failure, unless it's expected
record.severity(): 11
failure because of: [CODE_ERROR] A critical error has occurred in the Casal2 source code. Please contact the Casal2 Development Team and report this event

if (age - age_index_ >= values_.size()) : age: 9; label: unit_test_inverse_logistic; type: not needed in test
Unit Test has encountered a problem that will cause test failure, unless it's expected
record.severity(): 11
failure because of: [CODE_ERROR] A critical error has occurred in the Casal2 source code. Please contact the Casal2 Development Team and report this event

if (age - age_index_ >= values_.size()) : age: 21; label: unit_test_inverse_logistic; type: not needed in test
[       OK ] Selectivities.InverseLogistic_Age (1 ms)
[ RUN      ] Selectivities.InverseLogistic_Length
[       OK ] Selectivities.InverseLogistic_Length (0 ms)
[ RUN      ] Selectivities.Increasing_Age
[       OK ] Selectivities.Increasing_Age (0 ms)
[ RUN      ] Selectivities.Increasing_Length
Unit Test has encountered a problem that will cause test failure, unless it's expected
record.severity(): 9
failure because of: [ERROR] At line 86 in C:/Users/arnau/Documents/CASAL2_NIWAFisheries/CASAL2/CASAL2/source/Selectivities/Common/Increasing.Test.cpp the parameter 'label'  this selectivity type not allowed in length patition models
[       OK ] Selectivities.Increasing_Length (0 ms)
[ RUN      ] Selectivities.DoubleNormal_Age_ss3
Unit Test has encountered a problem that will cause test failure, unless it's expected
record.severity(): 11
failure because of: [CODE_ERROR] A critical error has occurred in the Casal2 source code. Please contact the Casal2 Development Team and report this event

if (age - age_index_ >= values_.size()) : age: 0; label: unit_test_double_normal_ss3; type: not needed in test
[       OK ] Selectivities.DoubleNormal_Age_ss3 (0 ms)
[ RUN      ] Selectivities.DoubleNormal_Age
Unit Test has encountered a problem that will cause test failure, unless it's expected
record.severity(): 11
failure because of: [CODE_ERROR] A critical error has occurred in the Casal2 source code. Please contact the Casal2 Development Team and report this event

if (age - age_index_ >= values_.size()) : age: 9; label: unit_test_double_normal; type: not needed in test
Unit Test has encountered a problem that will cause test failure, unless it's expected
record.severity(): 11
failure because of: [CODE_ERROR] A critical error has occurred in the Casal2 source code. Please contact the Casal2 Development Team and report this event

if (age - age_index_ >= values_.size()) : age: 21; label: unit_test_double_normal; type: not needed in test
[       OK ] Selectivities.DoubleNormal_Age (0 ms)
[ RUN      ] Selectivities.DoubleNormal_Length
[       OK ] Selectivities.DoubleNormal_Length (0 ms)
[ RUN      ] Selectivities.DoubleExponential_Age
Unit Test has encountered a problem that will cause test failure, unless it's expected
record.severity(): 11
failure because of: [CODE_ERROR] A critical error has occurred in the Casal2 source code. Please contact the Casal2 Development Team and report this event

if (age - age_index_ >= values_.size()) : age: 9; label: unit_test_double_exponential; type: not needed in test
Unit Test has encountered a problem that will cause test failure, unless it's expected
record.severity(): 11
failure because of: [CODE_ERROR] A critical error has occurred in the Casal2 source code. Please contact the Casal2 Development Team and report this event

if (age - age_index_ >= values_.size()) : age: 21; label: unit_test_double_exponential; type: not needed in test
[       OK ] Selectivities.DoubleExponential_Age (0 ms)
[ RUN      ] Selectivities.DoubleExponential_Length
[       OK ] Selectivities.DoubleExponential_Length (0 ms)
[ RUN      ] Selectivities.Constant_age
[       OK ] Selectivities.Constant_age (0 ms)
[ RUN      ] Selectivities.Constant_Length
[       OK ] Selectivities.Constant_Length (0 ms)
[ RUN      ] Selectivities.AllValuesBounded_Age
[       OK ] Selectivities.AllValuesBounded_Age (0 ms)
[ RUN      ] Selectivities.AllValuesBounded_Length
[       OK ] Selectivities.AllValuesBounded_Length (0 ms)
[ RUN      ] Selectivities.AllValues_Age
[       OK ] Selectivities.AllValues_Age (0 ms)
[ RUN      ] Selectivities.AllValues_Length
[       OK ] Selectivities.AllValues_Length (0 ms)
[----------] 21 tests from Selectivities (4 ms total)

[----------] 3 tests from LoadPartitionModel
[ RUN      ] LoadPartitionModel.BasicImplementation
[       OK ] LoadPartitionModel.BasicImplementation (4 ms)
[ RUN      ] LoadPartitionModel.ReversedImplementation
[       OK ] LoadPartitionModel.ReversedImplementation (2 ms)
[ RUN      ] LoadPartitionModel.WonkyImplementation
[       OK ] LoadPartitionModel.WonkyImplementation (3 ms)
[----------] 3 tests from LoadPartitionModel (9 ms total)

[----------] 6 tests from BasicModel
[ RUN      ] BasicModel.Processes_Transition_Category_Constant_One_Selectivity
[       OK ] BasicModel.Processes_Transition_Category_Constant_One_Selectivity (1 ms)
[ RUN      ] BasicModel.Processes_Constant_Recruitment
[       OK ] BasicModel.Processes_Constant_Recruitment (1 ms)
[ RUN      ] BasicModel.Processes_Mortality_Event_No_Penalty
[       OK ] BasicModel.Processes_Mortality_Event_No_Penalty (0 ms)
[ RUN      ] BasicModel.Processes_Mortality_Constant_Rate
[       OK ] BasicModel.Processes_Mortality_Constant_Rate (0 ms)
[ RUN      ] BasicModel.Processes_Ageing
[       OK ] BasicModel.Processes_Ageing (0 ms)
[ RUN      ] BasicModel.Accessors_Cached_CombinedCategories
[       OK ] BasicModel.Accessors_Cached_CombinedCategories (1 ms)
[----------] 6 tests from BasicModel (3 ms total)

[----------] 1 test from Partition
[ RUN      ] Partition.ValidateAndBuild
[       OK ] Partition.ValidateAndBuild (0 ms)
[----------] 1 test from Partition (0 ms total)

[----------] 1 test from PartitionAccessors
[ RUN      ] PartitionAccessors.Category
[       OK ] PartitionAccessors.Category (0 ms)
[----------] 1 test from PartitionAccessors (0 ms total)

[----------] 20 tests from Parameters
[ RUN      ] Parameters.Table_Create
[       OK ] Parameters.Table_Create (0 ms)
[ RUN      ] Parameters.Table_Populate_Fail
Unit Test has encountered a problem that will cause test failure, unless it's expected
record.severity(): 11
failure because of: [CODE_ERROR] A critical error has occurred in the Casal2 source code. Please contact the Casal2 Development Team and report this event

model == nullptr
[       OK ] Parameters.Table_Populate_Fail (0 ms)
[ RUN      ] Parameters.Table_Populate_Categories
[       OK ] Parameters.Table_Populate_Categories (0 ms)
[ RUN      ] Parameters.Table_Populate_Categories_Fail
Unit Test has encountered a problem that will cause test failure, unless it's expected
record.severity(): 9
failure because of: [ERROR] At line 0 in  the table my_table contains an invalid category: male
[       OK ] Parameters.Table_Populate_Categories_Fail (1 ms)
[ RUN      ] Parameters.Table_Populate_Shorthand_Categories
[       OK ] Parameters.Table_Populate_Shorthand_Categories (0 ms)
[ RUN      ] Parameters.Table_Populate_Shorthand_Categories_Fail
Unit Test has encountered a problem that will cause test failure, unless it's expected
record.severity(): 9
failure because of: [ERROR] At line 0 in  the table my_table contains an invalid category: male.mature.female
[       OK ] Parameters.Table_Populate_Shorthand_Categories_Fail (0 ms)
[ RUN      ] Parameters.Table_Required_Columns
[       OK ] Parameters.Table_Required_Columns (1 ms)
[ RUN      ] Parameters.Table_Required_Columns_Fail
Unit Test has encountered a problem that will cause test failure, unless it's expected
record.severity(): 9
failure because of: [ERROR] At line 0 in  the table my_table  is missing the following column headers: col2, col3
[       OK ] Parameters.Table_Required_Columns_Fail (0 ms)
[ RUN      ] Parameters.Table_Extra_Columns
Unit Test has encountered a problem that will cause test failure, unless it's expected
record.severity(): 9
failure because of: [ERROR] At line 0 in  the table my_table  is missing the following column headers: col4, col5
[       OK ] Parameters.Table_Extra_Columns (0 ms)
[ RUN      ] Parameters.Table_Optional_Columns
[       OK ] Parameters.Table_Optional_Columns (0 ms)
[ RUN      ] Parameters.Table_Optional_Columns_Fail
Unit Test has encountered a problem that will cause test failure, unless it's expected
record.severity(): 9
failure because of: [ERROR] At line 0 in  the table my_table The valuex in column year could not be converted to type unsigned int
[       OK ] Parameters.Table_Optional_Columns_Fail (1 ms)
[ RUN      ] Parameters.Table_CheckColumnType_Unsigned_And_Double
[       OK ] Parameters.Table_CheckColumnType_Unsigned_And_Double (0 ms)
[ RUN      ] Parameters.Table_CheckColumnType_Unsigned_Fail
Unit Test has encountered a problem that will cause test failure, unless it's expected
record.severity(): 9
failure because of: [ERROR] At line 0 in  the table my_table The valuehello in column yearx could not be converted to type unsigned int
[       OK ] Parameters.Table_CheckColumnType_Unsigned_Fail (0 ms)
[ RUN      ] Parameters.Table_CheckColumnType_Double_Fail
Unit Test has encountered a problem that will cause test failure, unless it's expected
record.severity(): 9
failure because of: [ERROR] At line 0 in  the table my_table The valuelemon in column value could not be converted to type double
[       OK ] Parameters.Table_CheckColumnType_Double_Fail (1 ms)
[ RUN      ] Parameters.Table_CheckColumnContains_Categories
[       OK ] Parameters.Table_CheckColumnContains_Categories (0 ms)
[ RUN      ] Parameters.Table_CheckColumnContains_Year
[       OK ] Parameters.Table_CheckColumnContains_Year (0 ms)
[ RUN      ] Parameters.Table_CheckColumnContains_Projection_Year
[       OK ] Parameters.Table_CheckColumnContains_Projection_Year (0 ms)
[ RUN      ] Parameters.Table_CheckColumnContains_Year_Fail
Unit Test has encountered a problem that will cause test failure, unless it's expected
record.severity(): 9
failure because of: [ERROR] At line 0 in  the table my_table The value 1999 in column yearx is not a valid value for this model
[       OK ] Parameters.Table_CheckColumnContains_Year_Fail (1 ms)
[ RUN      ] Parameters.Table_CheckColumnContains_Projection_Year_Fail
Unit Test has encountered a problem that will cause test failure, unless it's expected
record.severity(): 9
failure because of: [ERROR] At line 0 in  the table my_table The value 1999 in column yearx is not a valid value for this model
[       OK ] Parameters.Table_CheckColumnContains_Projection_Year_Fail (1 ms)
[ RUN      ] Parameters.Table_GetColumnValuesAs_Unsigned_Double
[       OK ] Parameters.Table_GetColumnValuesAs_Unsigned_Double (0 ms)
[----------] 20 tests from Parameters (6 ms total)

[----------] 7 tests from InternalEmptyLengthModel
[ RUN      ] InternalEmptyLengthModel.Observation_ProportionsAtLength_singlesex_bespoke_lengths
[       OK ] InternalEmptyLengthModel.Observation_ProportionsAtLength_singlesex_bespoke_lengths (25 ms)
[ RUN      ] InternalEmptyLengthModel.Observation_ProportionsAtLength_singlesex_default
[       OK ] InternalEmptyLengthModel.Observation_ProportionsAtLength_singlesex_default (25 ms)
[ RUN      ] InternalEmptyLengthModel.Observation_ProportionsAtLength_singlesex_defaultlength_sum_to_one_false
[       OK ] InternalEmptyLengthModel.Observation_ProportionsAtLength_singlesex_defaultlength_sum_to_one_false (23 ms)
[ RUN      ] InternalEmptyLengthModel.Observation_ProportionsAtLength_singlesex_bespokelength_sum_to_one_false
[       OK ] InternalEmptyLengthModel.Observation_ProportionsAtLength_singlesex_bespokelength_sum_to_one_false (23 ms)
[ RUN      ] InternalEmptyLengthModel.Observation_ProcessRemovalsByAge_singlesex_default_lengths
[       OK ] InternalEmptyLengthModel.Observation_ProcessRemovalsByAge_singlesex_default_lengths (23 ms)
[ RUN      ] InternalEmptyLengthModel.Observation_ProcessRemovalsByAge_singlesex_bespoke_lengths
[       OK ] InternalEmptyLengthModel.Observation_ProcessRemovalsByAge_singlesex_bespoke_lengths (23 ms)
[ RUN      ] InternalEmptyLengthModel.Observation_Biomass_Length
[       OK ] InternalEmptyLengthModel.Observation_Biomass_Length (21 ms)
[----------] 7 tests from InternalEmptyLengthModel (163 ms total)

[----------] 14 tests from Objects
[ RUN      ] Objects.Validate_Mock
[       OK ] Objects.Validate_Mock (0 ms)
[ RUN      ] Objects.VerifyAddressableForUse
[       OK ] Objects.VerifyAddressableForUse (0 ms)
[ RUN      ] Objects.GetAddressableType
[       OK ] Objects.GetAddressableType (0 ms)
[ RUN      ] Objects.GetAddressable
[       OK ] Objects.GetAddressable (0 ms)
[ RUN      ] Objects.GetAddressable_Fail
Unit Test has encountered a problem that will cause test failure, unless it's expected
record.severity(): 10
failure because of: [FATAL_ERROR] Currently the type bad is not registered for addressable finding, first please check you have spelt it correctly, if you are confident you have it may not be coded to find addressable, please add it the class to FindObject() in Model/Objects.cpp by contacting the development team
Unit Test has encountered a problem that will cause test failure, unless it's expected
record.severity(): 11
failure because of: [CODE_ERROR] A critical error has occurred in the Casal2 source code. Please contact the Casal2 Development Team and report this event

Parameter absolute process[bad_label].addressable was not found. Please check that VerfiyAddressableForUse() was called prior to any model_.objects() methods
Unit Test has encountered a problem that will cause test failure, unless it's expected
record.severity(): 11
failure because of: [CODE_ERROR] A critical error has occurred in the Casal2 source code. Please contact the Casal2 Development Team and report this event

addressable_types_.find(z) == addressable_types_.end()
[       OK ] Objects.GetAddressable_Fail (0 ms)
[ RUN      ] Objects.GetAddressables
[       OK ] Objects.GetAddressables (1 ms)
[ RUN      ] Objects.GetAddressableUMap
[       OK ] Objects.GetAddressableUMap (0 ms)
[ RUN      ] Objects.GetAddressableSMap
[       OK ] Objects.GetAddressableSMap (0 ms)
[ RUN      ] Objects.GetAddressableVector
[       OK ] Objects.GetAddressableVector (0 ms)
[ RUN      ] Objects.ExplodeString
[       OK ] Objects.ExplodeString (0 ms)
[ RUN      ] Objects.ImplodeString
[       OK ] Objects.ImplodeString (0 ms)
[ RUN      ] Objects.ExplodeParameterAndIndex
[       OK ] Objects.ExplodeParameterAndIndex (0 ms)
[ RUN      ] Objects.FindObject
[       OK ] Objects.FindObject (0 ms)
[ RUN      ] Objects.FindObject_Fail
Unit Test has encountered a problem that will cause test failure, unless it's expected
record.severity(): 11
failure because of: [CODE_ERROR] A critical error has occurred in the Casal2 source code. Please contact the Casal2 Development Team and report this event

Parameter absolute process was not found. Please check that VerfiyAddressableForUse() was called prior to any model_.objects() methods
Unit Test has encountered a problem that will cause test failure, unless it's expected
record.severity(): 11
failure because of: [CODE_ERROR] A critical error has occurred in the Casal2 source code. Please contact the Casal2 Development Team and report this event

Parameter absolute process[unit01] was not found. Please check that VerfiyAddressableForUse() was called prior to any model_.objects() methods
Unit Test has encountered a problem that will cause test failure, unless it's expected
record.severity(): 11
failure because of: [CODE_ERROR] A critical error has occurred in the Casal2 source code. Please contact the Casal2 Development Team and report this event

Parameter absolute process[unit02].addressable was not found. Please check that VerfiyAddressableForUse() was called prior to any model_.objects() methods
Unit Test has encountered a problem that will cause test failure, unless it's expected
record.severity(): 11
failure because of: [CODE_ERROR] A critical error has occurred in the Casal2 source code. Please contact the Casal2 Development Team and report this event

Parameter absolute process[unit03].addressable{index} was not found. Please check that VerfiyAddressableForUse() was called prior to any model_.objects() methods
[       OK ] Objects.FindObject_Fail (0 ms)
[----------] 14 tests from Objects (1 ms total)

[----------] 6 tests from Model
[ RUN      ] Model.Validate_Defaults
[       OK ] Model.Validate_Defaults (0 ms)
[ RUN      ] Model.Mock_Validate_Defaults_With_NiceMock
[       OK ] Model.Mock_Validate_Defaults_With_NiceMock (0 ms)
[ RUN      ] Model.Validate_Mock_With_DoDefault
[       OK ] Model.Validate_Mock_With_DoDefault (0 ms)
[ RUN      ] Model.Validate_are_length_bin_compatible_with_model_length_bins
[       OK ] Model.Validate_are_length_bin_compatible_with_model_length_bins (0 ms)
[ RUN      ] Model.Validate_get_map_for_bespoke_length_bins_to_global_length_bins
[       OK ] Model.Validate_get_map_for_bespoke_length_bins_to_global_length_bins (0 ms)
[ RUN      ] Model.Validate_get_length_bin_ndx
[       OK ] Model.Validate_get_length_bin_ndx (0 ms)
[----------] 6 tests from Model (0 ms total)

[----------] 1 test from GammaDiffModel
[ RUN      ] GammaDiffModel.Minimise_TwoSex
[       OK ] GammaDiffModel.Minimise_TwoSex (511 ms)
[----------] 1 test from GammaDiffModel (511 ms total)

[----------] 2 tests from DeltaDiffModel
[ RUN      ] DeltaDiffModel.Minimise_TwoSex_OneThread
[       OK ] DeltaDiffModel.Minimise_TwoSex_OneThread (2816 ms)
[ RUN      ] DeltaDiffModel.Minimise_TwoSex_FourThreads
[       OK ] DeltaDiffModel.Minimise_TwoSex_FourThreads (1282 ms)
[----------] 2 tests from DeltaDiffModel (4098 ms total)

[----------] 3 tests from MCMCThreadedModel
[ RUN      ] MCMCThreadedModel.MCMC_1Iteration_With_TwoSex
[       OK ] MCMCThreadedModel.MCMC_1Iteration_With_TwoSex (536 ms)
[ RUN      ] MCMCThreadedModel.MCMC_2Iterations_With_TwoSex
[       OK ] MCMCThreadedModel.MCMC_2Iterations_With_TwoSex (531 ms)
[ RUN      ] MCMCThreadedModel.MCMC_25Iterations_With_TwoSex
[       OK ] MCMCThreadedModel.MCMC_25Iterations_With_TwoSex (657 ms)
[----------] 3 tests from MCMCThreadedModel (1724 ms total)

[----------] 1 test from RandomWalkMetropolisHastings
[ RUN      ] RandomWalkMetropolisHastings.Validate_Defaults
[       OK ] RandomWalkMetropolisHastings.Validate_Defaults (0 ms)
[----------] 1 test from RandomWalkMetropolisHastings (0 ms total)

[----------] 4 tests from RandomWalkMetropolisHastingsThreadedModel
[ RUN      ] RandomWalkMetropolisHastingsThreadedModel.One_Iteration_With_TwoSex
[       OK ] RandomWalkMetropolisHastingsThreadedModel.One_Iteration_With_TwoSex (515 ms)
[ RUN      ] RandomWalkMetropolisHastingsThreadedModel.One_Iteration_With_TwoSex_NoRNGStart
[       OK ] RandomWalkMetropolisHastingsThreadedModel.One_Iteration_With_TwoSex_NoRNGStart (522 ms)
[ RUN      ] RandomWalkMetropolisHastingsThreadedModel.Two_Iterations_With_TwoSex
[       OK ] RandomWalkMetropolisHastingsThreadedModel.Two_Iterations_With_TwoSex (532 ms)
[ RUN      ] RandomWalkMetropolisHastingsThreadedModel.TwentyFive_Iterations_With_TwoSex
[       OK ] RandomWalkMetropolisHastingsThreadedModel.TwentyFive_Iterations_With_TwoSex (642 ms)
[----------] 4 tests from RandomWalkMetropolisHastingsThreadedModel (2212 ms total)

[----------] 11 tests from HamiltonianMonteCarloThreadedModel
[ RUN      ] HamiltonianMonteCarloThreadedModel.Five_Iteration_With_TwoSex
[       OK ] HamiltonianMonteCarloThreadedModel.Five_Iteration_With_TwoSex (1609 ms)
[ RUN      ] HamiltonianMonteCarloThreadedModel.TwentyFive_Iteration_With_TwoSex
[       OK ] HamiltonianMonteCarloThreadedModel.TwentyFive_Iteration_With_TwoSex (4445 ms)
[ RUN      ] HamiltonianMonteCarloThreadedModel.OneHundred_Iteration_With_TwoSex
[       OK ] HamiltonianMonteCarloThreadedModel.OneHundred_Iteration_With_TwoSex (9337 ms)
[ RUN      ] HamiltonianMonteCarloThreadedModel.Five_Iteration_With_CasalComplexOne
[       OK ] HamiltonianMonteCarloThreadedModel.Five_Iteration_With_CasalComplexOne (1980 ms)
[ RUN      ] HamiltonianMonteCarloThreadedModel.Five_Iteration_With_CasalComplexOne_LeapFrog_Steps_Ten
[       OK ] HamiltonianMonteCarloThreadedModel.Five_Iteration_With_CasalComplexOne_LeapFrog_Steps_Ten (2330 ms)
[ RUN      ] HamiltonianMonteCarloThreadedModel.Five_Iteration_With_CasalComplexOne_LeapFrog_Delta_OneESeven
[       OK ] HamiltonianMonteCarloThreadedModel.Five_Iteration_With_CasalComplexOne_LeapFrog_Delta_OneESeven (1898 ms)
[ RUN      ] HamiltonianMonteCarloThreadedModel.Five_Iteration_With_CasalComplexOne_LeapFrog_Delta_OneEThree_RandomStart
[       OK ] HamiltonianMonteCarloThreadedModel.Five_Iteration_With_CasalComplexOne_LeapFrog_Delta_OneEThree_RandomStart (2286 ms)
[ RUN      ] HamiltonianMonteCarloThreadedModel.Five_Iteration_With_TwoSex_CustomGradientStepSize
[       OK ] HamiltonianMonteCarloThreadedModel.Five_Iteration_With_TwoSex_CustomGradientStepSize (3518 ms)
[ RUN      ] HamiltonianMonteCarloThreadedModel.TwentyFive_Iteration_With_TwoSex_RandomStart_OneEFourStepSize
[       OK ] HamiltonianMonteCarloThreadedModel.TwentyFive_Iteration_With_TwoSex_RandomStart_OneEFourStepSize (4526 ms)
[ RUN      ] HamiltonianMonteCarloThreadedModel.TwentyFive_Iteration_With_CasalComplexOne_RandomStart_OneEFourStepSize
[       OK ] HamiltonianMonteCarloThreadedModel.TwentyFive_Iteration_With_CasalComplexOne_RandomStart_OneEFourStepSize (2635 ms)
[ RUN      ] HamiltonianMonteCarloThreadedModel.TwentyFive_Iteration_With_CasalComplexOne_RandomStart_OneEFourStepSize_LeapFrogs_Ten
[       OK ] HamiltonianMonteCarloThreadedModel.TwentyFive_Iteration_With_CasalComplexOne_RandomStart_OneEFourStepSize_LeapFrogs_Ten (4496 ms)
[----------] 11 tests from HamiltonianMonteCarloThreadedModel (39060 ms total)

[----------] 10 tests from Likelihood
[ RUN      ] Likelihood.Poisson
[       OK ] Likelihood.Poisson (0 ms)
[ RUN      ] Likelihood.Normal
[       OK ] Likelihood.Normal (0 ms)
[ RUN      ] Likelihood.Multinomial
[       OK ] Likelihood.Multinomial (0 ms)
[ RUN      ] Likelihood.LogNormalWithQ
[       OK ] Likelihood.LogNormalWithQ (0 ms)
[ RUN      ] Likelihood.LogNormal
[       OK ] Likelihood.LogNormal (0 ms)
[ RUN      ] Likelihood.DirichletMultinomial
[       OK ] Likelihood.DirichletMultinomial (0 ms)
[ RUN      ] Likelihood.DirichletMultinomial_expect_fail
Unit Test has encountered a problem that will cause test failure, unless it's expected
record.severity(): 9
failure because of: [ERROR] At line 0 in <unknown> the following required parameters for the command @<unknown> are required but have not been defined: label theta type 
Unit Test has encountered a problem that will cause test failure, unless it's expected
record.severity(): 11
failure because of: [CODE_ERROR] A critical error has occurred in the Casal2 source code. Please contact the Casal2 Development Team and report this event

  if (already_populated_): <unknown>
[       OK ] Likelihood.DirichletMultinomial_expect_fail (0 ms)
[ RUN      ] Likelihood.Dirichlet
[       OK ] Likelihood.Dirichlet (0 ms)
[ RUN      ] Likelihood.BinomialApprox
[       OK ] Likelihood.BinomialApprox (0 ms)
[ RUN      ] Likelihood.Binomial
[       OK ] Likelihood.Binomial (0 ms)
[----------] 10 tests from Likelihood (0 ms total)

[----------] 3 tests from LengthWeights
[ RUN      ] LengthWeights.Basic
[       OK ] LengthWeights.Basic (1 ms)
[ RUN      ] LengthWeights.Basic2
[       OK ] LengthWeights.Basic2 (0 ms)
[ RUN      ] LengthWeights.Basic3
[       OK ] LengthWeights.Basic3 (0 ms)
[----------] 3 tests from LengthWeights (1 ms total)

[----------] 1 test from GrowthIncrements
[ RUN      ] GrowthIncrements.Basic
[       OK ] GrowthIncrements.Basic (0 ms)
[----------] 1 test from GrowthIncrements (0 ms total)

[----------] 30 tests from ConfigurationLoader
[ RUN      ] ConfigurationLoader.HandleInlineDeclaration_1
[       OK ] ConfigurationLoader.HandleInlineDeclaration_1 (0 ms)
[ RUN      ] ConfigurationLoader.HandleInlineDeclaration_2
[       OK ] ConfigurationLoader.HandleInlineDeclaration_2 (1 ms)
[ RUN      ] ConfigurationLoader.HandleInlineDeclaration_3
[       OK ] ConfigurationLoader.HandleInlineDeclaration_3 (0 ms)
[ RUN      ] ConfigurationLoader.HandleInlineDeclaration_4
[       OK ] ConfigurationLoader.HandleInlineDeclaration_4 (1 ms)
[ RUN      ] ConfigurationLoader.HandleOperators_1
[       OK ] ConfigurationLoader.HandleOperators_1 (0 ms)
[ RUN      ] ConfigurationLoader.HandleOperators_2
[       OK ] ConfigurationLoader.HandleOperators_2 (0 ms)
[ RUN      ] ConfigurationLoader.HandleOperators_3
[       OK ] ConfigurationLoader.HandleOperators_3 (0 ms)
[ RUN      ] ConfigurationLoader.HandleOperators_4
[       OK ] ConfigurationLoader.HandleOperators_4 (0 ms)
[ RUN      ] ConfigurationLoader.HandleOperators_5
[       OK ] ConfigurationLoader.HandleOperators_5 (0 ms)
[ RUN      ] ConfigurationLoader.HandleOperators_6
[       OK ] ConfigurationLoader.HandleOperators_6 (0 ms)
[ RUN      ] ConfigurationLoader.HandleOperators_7
[       OK ] ConfigurationLoader.HandleOperators_7 (0 ms)
[ RUN      ] ConfigurationLoader.HandleOperators_8
[       OK ] ConfigurationLoader.HandleOperators_8 (0 ms)
[ RUN      ] ConfigurationLoader.HandleOperators_9
[       OK ] ConfigurationLoader.HandleOperators_9 (0 ms)
[ RUN      ] ConfigurationLoader.HandleOperators_10
[       OK ] ConfigurationLoader.HandleOperators_10 (0 ms)
[ RUN      ] ConfigurationLoader.HandleOperators_11
[       OK ] ConfigurationLoader.HandleOperators_11 (0 ms)
[ RUN      ] ConfigurationLoader.HandleOperators_12
[       OK ] ConfigurationLoader.HandleOperators_12 (0 ms)
[ RUN      ] ConfigurationLoader.HandleOperators_13
[       OK ] ConfigurationLoader.HandleOperators_13 (0 ms)
[ RUN      ] ConfigurationLoader.HandleOperators_14
[       OK ] ConfigurationLoader.HandleOperators_14 (0 ms)
[ RUN      ] ConfigurationLoader.HandleOperators_15
[       OK ] ConfigurationLoader.HandleOperators_15 (0 ms)
[ RUN      ] ConfigurationLoader.HandleOperators_16
[       OK ] ConfigurationLoader.HandleOperators_16 (0 ms)
[ RUN      ] ConfigurationLoader.HandleOperators_17
[       OK ] ConfigurationLoader.HandleOperators_17 (0 ms)
[ RUN      ] ConfigurationLoader.HandleOperators_18
[       OK ] ConfigurationLoader.HandleOperators_18 (0 ms)
[ RUN      ] ConfigurationLoader.HandleOperators_19
[       OK ] ConfigurationLoader.HandleOperators_19 (0 ms)
[ RUN      ] ConfigurationLoader.HandleOperators_20
[       OK ] ConfigurationLoader.HandleOperators_20 (0 ms)
[ RUN      ] ConfigurationLoader.HandleOperators_21
[       OK ] ConfigurationLoader.HandleOperators_21 (0 ms)
[ RUN      ] ConfigurationLoader.HandleOperators_22
[       OK ] ConfigurationLoader.HandleOperators_22 (0 ms)
[ RUN      ] ConfigurationLoader.HandleAssignment_1
[       OK ] ConfigurationLoader.HandleAssignment_1 (0 ms)
[ RUN      ] ConfigurationLoader.HandleAssignment_2
[       OK ] ConfigurationLoader.HandleAssignment_2 (0 ms)
[ RUN      ] ConfigurationLoader.RangeSplit
[       OK ] ConfigurationLoader.RangeSplit (0 ms)
[ RUN      ] ConfigurationLoader.RangeSplit_Reverse
[       OK ] ConfigurationLoader.RangeSplit_Reverse (0 ms)
[----------] 30 tests from ConfigurationLoader (2 ms total)

[----------] 7 tests from Object
[ RUN      ] Object.Standard_Double_Addressable
Unit Test has encountered a problem that will cause test failure, unless it's expected
record.severity(): 11
failure because of: [CODE_ERROR] A critical error has occurred in the Casal2 source code. Please contact the Casal2 Development Team and report this event

Unable to find the addressable type with the label: apple
Unit Test has encountered a problem that will cause test failure, unless it's expected
record.severity(): 11
failure because of: [CODE_ERROR] A critical error has occurred in the Casal2 source code. Please contact the Casal2 Development Team and report this event

addressable_types_.find(apple) == addressable_types_.end()
[       OK ] Object.Standard_Double_Addressable (0 ms)
[ RUN      ] Object.Vector_Double_Addressable
Unit Test has encountered a problem that will cause test failure, unless it's expected
record.severity(): 11
failure because of: [CODE_ERROR] A critical error has occurred in the Casal2 source code. Please contact the Casal2 Development Team and report this event

Unable to find the addressable type with the label: apple
Unit Test has encountered a problem that will cause test failure, unless it's expected
record.severity(): 11
failure because of: [CODE_ERROR] A critical error has occurred in the Casal2 source code. Please contact the Casal2 Development Team and report this event

addressable_types_.find(apple) == addressable_types_.end()
[       OK ] Object.Vector_Double_Addressable (0 ms)
[ RUN      ] Object.StringMap_Double_Addressable
Unit Test has encountered a problem that will cause test failure, unless it's expected
record.severity(): 11
failure because of: [CODE_ERROR] A critical error has occurred in the Casal2 source code. Please contact the Casal2 Development Team and report this event

Unable to find the addressable type with the label: apple
Unit Test has encountered a problem that will cause test failure, unless it's expected
record.severity(): 11
failure because of: [CODE_ERROR] A critical error has occurred in the Casal2 source code. Please contact the Casal2 Development Team and report this event

addressable_types_.find(apple) == addressable_types_.end()
[       OK ] Object.StringMap_Double_Addressable (0 ms)
[ RUN      ] Object.UnsignedMap_Double_Addressable
Unit Test has encountered a problem that will cause test failure, unless it's expected
record.severity(): 11
failure because of: [CODE_ERROR] A critical error has occurred in the Casal2 source code. Please contact the Casal2 Development Team and report this event

Unable to find the addressable type with the label: apple
Unit Test has encountered a problem that will cause test failure, unless it's expected
record.severity(): 11
failure because of: [CODE_ERROR] A critical error has occurred in the Casal2 source code. Please contact the Casal2 Development Team and report this event

addressable_types_.find(apple) == addressable_types_.end()
[       OK ] Object.UnsignedMap_Double_Addressable (0 ms)
[ RUN      ] Object.UnnamedVectorMap_Double_Addressable
Unit Test has encountered a problem that will cause test failure, unless it's expected
record.severity(): 11
failure because of: [CODE_ERROR] A critical error has occurred in the Casal2 source code. Please contact the Casal2 Development Team and report this event

Unable to find the addressable type with the label: apple
Unit Test has encountered a problem that will cause test failure, unless it's expected
record.severity(): 11
failure because of: [CODE_ERROR] A critical error has occurred in the Casal2 source code. Please contact the Casal2 Development Team and report this event

addressable_types_.find(apple) == addressable_types_.end()
[       OK ] Object.UnnamedVectorMap_Double_Addressable (0 ms)
[ RUN      ] Object.UnnamedVectorMap_Double_Addressable_with_plus
Unit Test has encountered a problem that will cause test failure, unless it's expected
record.severity(): 11
failure because of: [CODE_ERROR] A critical error has occurred in the Casal2 source code. Please contact the Casal2 Development Team and report this event

Unable to find the addressable type with the label: apple
Unit Test has encountered a problem that will cause test failure, unless it's expected
record.severity(): 11
failure because of: [CODE_ERROR] A critical error has occurred in the Casal2 source code. Please contact the Casal2 Development Team and report this event

addressable_types_.find(apple) == addressable_types_.end()
[       OK ] Object.UnnamedVectorMap_Double_Addressable_with_plus (0 ms)
[ RUN      ] Object.Test_Addressable_Usage_Is_Set
[       OK ] Object.Test_Addressable_Usage_Is_Set (0 ms)
[----------] 7 tests from Object (0 ms total)

[----------] 12 tests from AgeLengths
[ RUN      ] AgeLengths.VonBertalanffy_MeanLength
[       OK ] AgeLengths.VonBertalanffy_MeanLength (1 ms)
[ RUN      ] AgeLengths.VonBertalanffy_MeanLength_2
[       OK ] AgeLengths.VonBertalanffy_MeanLength_2 (1 ms)
[ RUN      ] AgeLengths.VonBertalanffy_CV
[       OK ] AgeLengths.VonBertalanffy_CV (0 ms)
[ RUN      ] AgeLengths.VonBertalanffy_CV_2
[       OK ] AgeLengths.VonBertalanffy_CV_2 (1 ms)
[ RUN      ] AgeLengths.BuildAgeLengthProportions
[       OK ] AgeLengths.BuildAgeLengthProportions (0 ms)
[ RUN      ] AgeLengths.VonBertalanffy_change_k
[       OK ] AgeLengths.VonBertalanffy_change_k (1 ms)
[ RUN      ] AgeLengths.BuildAgeLengthProportions_normal
[       OK ] AgeLengths.BuildAgeLengthProportions_normal (1 ms)
[ RUN      ] AgeLengths.BuildAgeLengthProportions_lognormal
[       OK ] AgeLengths.BuildAgeLengthProportions_lognormal (1 ms)
[ RUN      ] AgeLengths.Schnute
[       OK ] AgeLengths.Schnute (0 ms)
[ RUN      ] AgeLengths.Schnute_BuildCV_ByLength_Proportion
[       OK ] AgeLengths.Schnute_BuildCV_ByLength_Proportion (1 ms)
[ RUN      ] AgeLengths.Schnute_BuildCV_ByLength_ProportionAndTimeStep
[       OK ] AgeLengths.Schnute_BuildCV_ByLength_ProportionAndTimeStep (1 ms)
[ RUN      ] AgeLengths.Schnute_BuildCV_LinearInterpolation
[       OK ] AgeLengths.Schnute_BuildCV_LinearInterpolation (0 ms)
[----------] 12 tests from AgeLengths (8 ms total)

[----------] 7 tests from AdditionalPriors
[ RUN      ] AdditionalPriors.VectorSmoothing
[       OK ] AdditionalPriors.VectorSmoothing (0 ms)
[ RUN      ] AdditionalPriors.VectorAverage
[       OK ] AdditionalPriors.VectorAverage (0 ms)
[ RUN      ] AdditionalPriors.UniformLog
[       OK ] AdditionalPriors.UniformLog (0 ms)
[ RUN      ] AdditionalPriors.Ratio
[       OK ] AdditionalPriors.Ratio (0 ms)
[ RUN      ] AdditionalPriors.LogNormal
[       OK ] AdditionalPriors.LogNormal (0 ms)
[ RUN      ] AdditionalPriors.ElementDifference
[       OK ] AdditionalPriors.ElementDifference (0 ms)
[ RUN      ] AdditionalPriors.Beta
[       OK ] AdditionalPriors.Beta (0 ms)
[----------] 7 tests from AdditionalPriors (0 ms total)

[----------] Global test environment tear-down
[==========] 314 tests from 29 test cases ran. (60709 ms total)
[  PASSED  ] 314 tests.
